<?xml version="1.0" encoding="UTF-8"?>
<!-- Generated by org.testng.reporters.JUnitXMLReporter -->
<testsuite hostname="ARIA" ignored="0" name="ChromeTest" tests="2" failures="1" timestamp="2020-03-14T22:56:20 IST" time="7.765" errors="0">
  <testcase name="login" time="0.0" classname="testcases.testbrowser">
    <failure type="org.testng.TestNGException" message="
Method login requires 3 parameters but 2 were supplied in the @Test annotation.">
      <![CDATA[org.testng.TestNGException: 
Method login requires 3 parameters but 2 were supplied in the @Test annotation.
at java.util.ArrayList.forEach(ArrayList.java:1257)
at java.util.concurrent.FutureTask.run(FutureTask.java:266)
at java.util.concurrent.ThreadPoolExecutor.runWorker(ThreadPoolExecutor.java:1149)
at java.util.concurrent.ThreadPoolExecutor$Worker.run(ThreadPoolExecutor.java:624)
at java.lang.Thread.run(Thread.java:748)
... Removed 17 stack frames]]>
    </failure>
  </testcase> <!-- login -->
  <testcase name="testCase" time="0.0" classname="testcases.testbrowser">
    <skipped/>
  </testcase> <!-- testCase -->
</testsuite> <!-- ChromeTest -->
